therion 6.3.3 (2025-01-06)
  - using Proj 9.7.1, compiled against 9.7.0
therion: warning -- Proj version mismatch: using 9.7.1, compiled against 9.7.0
checking optional fonts csr10 csti10 csbx10 csss10 csssi10 ... OK
checking optional fonts cmcyr10 cmcti10 cmcbx10 cmcss10 cmcssi10 ... OK
configuration file: Entree.thconfig
reading ... done
reading source files ... done
preprocessing database ... done
output coordinate system: UTM34
meridian convergence (deg): 1.1334
geomag declinations (deg):
  2015.1.1  3.9858
  2016.1.1  4.1103
scanning centreline tree ... done
searching for centerline loops ... done
calculating station coordinates ... done
processing survey data ... 
####################### cavern log file ########################
 1> Survex 1.4.17
 2> Copyright © 1990-2025 Olly Betts
 3> 
 4> La topographie contient 47 stations, connectées par 46 visées.
 5> Il y a 0 bouclages.
 6> Longueur totale de la topographie =  577.53m ( 577.53m ajusté)
 7> Longueur totale en projection horizontale =  539.89m
 8> Longueur totale verticale =  144.37m
 9> Intervalle vertical = 67.62m (de 3 à 601.19m jusqu’à 45 à 533.57m)
10> Intervalle Nord-Sud = 232.66m (de 2 à 4730365.46m jusqu’à 28 à 4730132.80m)
11> Intervalle Est-Ouest = 288.48m (de 2 à 363203.14m jusqu’à 47 à 362914.66m)
12> 
######################### transcription ########################
 4> 47 : 45@Entree.Entree -- 46 : 44@Entree.Entree
 9> 3 : 2@Entree.Entree -- 45 : 43@Entree.Entree
10> 2 : Vranstica@Entree.Entree -- 28 : 27@Entree.Entree
11> 2 : Vranstica@Entree.Entree -- 47 : 45@Entree.Entree
#################### end of cavern log file ####################
done
calculating basic statistics ... done
processing extended elevation ... done
processing references ... done
selecting export objects ... done
processing projection extended ... done
average distortion: 0.00%


############### export maps & scraps selection #################
M     0.00 MC-Entree@Entree (Vranstica - Entrée)
S     0.00 SC-Entree-1@Entree ()
S     0.00 SC-Entree-2@Entree ()
S     0.00 SC-Entree-3@Entree ()
S     0.00 SC-Entree-4@Entree ()
########## end of export maps & scraps selection ###############
writing Outputs/Entree-coupe.pdf ...
####################### metapost log file ########################
This is MetaPost, version 2.11 (TeX Live 2025) (kpathsea version 6.4.1)  16 DEC 2025 11:28
**data.mp
(/usr/local/texlive/2025/texmf-dist/metapost/base/mpost.mp
(/usr/local/texlive/2025/texmf-dist/metapost/base/plain.mp
Preloading the plain mem file, version 1.005) ) (./data.mp
{randomseed:=42}
 [1] [2] [3] [4]
[5] [6] [7] [8] [9] [10] [11] [12] [13] [14]
[15] [1]
[Warning: scrap outline intersects itself in scrap SC-Entree-4@Entree] [2]
[3] [4] [5] [6] [7]
[Warning: scrap outline intersects itself in scrap SC-Entree-2@Entree] [8]
[9] [10]
[Warning: scrap outline intersects itself in scrap SC-Entree-1@Entree] [11]
[12] [13] (./mptextmp.mp) [14] (./mptextmp.mp) (./mptextmp.mp) (./mptextmp.mp)
(./mptextmp.mp) (./mptextmp.mp) (./mptextmp.mp) [15] )
 
Here is how much of MetaPost's memory you used:
 7182 strings using 174429 characters
 3884008 bytes of node memory
 1760 symbolic tokens
 9i,82n,16p,364b,5f stack positions out of 16i,98n,20p,390b,6f
30 output files written: data-patt.1 .. data.15


#################### end of metapost log file ####################
converting scraps ... done
making map ... done
######################## pdftex log file #########################
This is pdfTeX, Version 3.141592653-2.6-1.40.27 (TeX Live 2025) (preloaded format=pdftex 2025.10.9)  16 DEC 2025 11:28
entering extended mode
 restricted \write18 enabled.
 %&-line parsing enabled.
**data.tex
(./data.tex (./th_enc.tex) (./th_texts.tex) (./th_resources.tex
(/usr/local/texlive/2025/texmf-dist/tex/generic/pdftex/glyphtounicode.tex))
(./th_fontdef.tex{/usr/local/texlive/2025/texmf-var/fonts/map/pdftex/updmap/pdf
tex.map})
(./th_formdef.tex) (./th_pagedef.tex
Overfull \hbox (5.96262pt too wide) in paragraph at lines 12--12
[]\thfb (c) li-cence CCby-nc-sa : http://creativecommons.org/licenses/by-nc-sa/
4.0/ 2025 |

\hbox(9.0+3.0)x398.33818, glue set - 1.0
.\hbox(0.0+0.0)x0.0
.\thfb (
.\thfb c
.\thfb )
.\glue 4.0 plus 2.0 minus 1.33333
.etc.

) (./th_pages.tex)
 70 numeric registers used out of 32768
 [1] ) 
Here is how much of TeX's memory you used:
 333 strings out of 494562
 4468 string characters out of 6145051
 73996 words of memory out of 5000000
 2003 multiletter control sequences out of 15000+600000
 21194 words of font info for 66 fonts, out of 8000000 for 9000
 1416 hyphenation exceptions out of 8191
 9i,5n,8p,1862b,54s stack positions out of 10000i,1000n,20000p,200000b,200000s
</usr/local/texlive/2025/texmf-dist/fonts/type1/public/amsfonts/cm/cmbx10
.pfb></usr/local/texlive/2025/texmf-dist/fonts/type1/public/amsfonts/cm/cmss10.
pfb></usr/local/texlive/2025/texmf-dist/fonts/type1/public/amsfonts/cm/cmssi10.
pfb></usr/local/texlive/2025/texmf-dist/fonts/type1/public/amsfonts/cm/cmti10.p
fb></usr/local/texlive/2025/texmf-dist/fonts/type1/public/cs/csss10.pfb></usr/l
ocal/texlive/2025/texmf-dist/fonts/type1/public/cs/csssi10.pfb></usr/local/texl
ive/2025/texmf-dist/fonts/type1/public/cs/csti10.pfb>
Output written on data.pdf (1 page, 102407 bytes).
PDF statistics:
 107 PDF objects out of 1000 (max. 8388607)
 60 compressed objects within 1 object stream
 0 named destinations out of 1000 (max. 500000)
 199 words of extra memory for PDF output out of 10000 (max. 10000000)


##################### end of pdftex log file #####################
done
writing Outputs/Entree.lox ...
processing projection plan ... done
average distortion: 0.00%
.... done
writing xtherion file ... done
compilation time: 1 sec


###################### scrap distortions #######################
 PROJECTION: plan
 AVERAGE  MAXIMAL  SCRAP
   0.00%    0.03%  SP-Entree-4@Entree
   0.00%    0.03%  SP-Entree-1@Entree
   0.00%    0.02%  SP-Entree-3@Entree
   0.00%    0.02%  SP-Entree-2@Entree
################### end of scrap distortions ###################


###################### scrap distortions #######################
 PROJECTION: extended
 AVERAGE  MAXIMAL  SCRAP
   0.00%    0.04%  SC-Entree-1@Entree
   0.00%    0.04%  SC-Entree-4@Entree
   0.00%    0.01%  SC-Entree-2@Entree
   0.00%    0.00%  SC-Entree-3@Entree
################### end of scrap distortions ###################

############# CRS transformations chosen by PROJ ###############
  Area of Use (AoU): (19.329, 42.714) (19.329, 42.714)
  [LAT-LONG → LAT-LONG] AoU: [no] transformation: [axis order change (2D) + Null geographic offset from WGS 84 to WGS 84 + axis order change (2D)] definition: [proj=noop ellps=GRS80] accuracy: [0.000 m]
  [LAT-LONG → LAT-LONG] AoU: [yes] transformation: [axis order change (2D) + Null geographic offset from WGS 84 to WGS 84 + axis order change (2D)] definition: [proj=noop ellps=GRS80] accuracy: [0.000 m]
  [LAT-LONG → UTM34] AoU: [yes] transformation: [axis order change (2D) + UTM zone 34N] definition: [proj=pipeline step proj=unitconvert xy_in=deg xy_out=rad step proj=utm zone=34 ellps=WGS84] accuracy: [0.000 m]
  [LAT-LONG → EPSG:4326] AoU: [yes] transformation: [axis order change (2D) + Null geographic offset from WGS 84 to WGS 84 + axis order change (2D)] definition: [proj=noop ellps=GRS80] accuracy: [0.000 m]
  [UTM34 → LONG-LAT] AoU: [yes] transformation: [Inverse of UTM zone 34N + axis order change (2D)] definition: [proj=pipeline step inv proj=utm zone=34 ellps=WGS84 step proj=unitconvert xy_in=rad xy_out=deg] accuracy: [0.000 m]
  [UTM34 → EPSG:4326] AoU: [yes] transformation: [Inverse of UTM zone 34N + axis order change (2D)] definition: [proj=pipeline step inv proj=utm zone=34 ellps=WGS84 step proj=unitconvert xy_in=rad xy_out=deg] accuracy: [0.000 m]
  [EPSG:4326 → UTM34] AoU: [yes] transformation: [axis order change (2D) + UTM zone 34N] definition: [proj=pipeline step proj=unitconvert xy_in=deg xy_out=rad step proj=utm zone=34 ellps=WGS84] accuracy: [0.000 m]
########## end of CRS transformations chosen by PROJ ###########
