therion 6.3.3 (2025-01-06)
  - using Proj 9.7.1, compiled against 9.7.0
therion: warning -- Proj version mismatch: using 9.7.1, compiled against 9.7.0
checking optional fonts csr10 csti10 csbx10 csss10 csssi10 ... OK
checking optional fonts cmcyr10 cmcti10 cmcbx10 cmcss10 cmcssi10 ... OK
configuration file: Vranstica.thconfig
reading ... done
reading source files ... done
preprocessing database ... done
output coordinate system: UTM34
meridian convergence (deg): 1.1334
geomag declinations (deg):
  2015.1.1  3.9858
  2016.1.1  4.1103
  2017.1.1  4.2348
  2018.1.1  4.3591
  2019.1.1  4.4834
scanning centreline tree ... done
searching for centerline loops ... done
calculating station coordinates ... done
processing survey data ... 
####################### cavern log file ########################
 1> Survex 1.4.17
 2> Copyright © 1990-2025 Olly Betts
 3> 
 4> La topographie contient 161 stations, connectées par 160 visées.
 5> Il y a 0 bouclages.
 6> Longueur totale de la topographie = 2003.63m (2003.63m ajusté)
 7> Longueur totale en projection horizontale = 1793.57m
 8> Longueur totale verticale =  647.04m
 9> Intervalle vertical = 261.73m (de 3 à 601.19m jusqu’à 125 à 339.46m)
10> Intervalle Nord-Sud = 545.80m (de 2 à 4730365.46m jusqu’à 161 à 4729819.66m)
11> Intervalle Est-Ouest = 955.22m (de 2 à 363203.14m jusqu’à 158 à 362247.92m)
12> 
######################### transcription ########################
 4> 161 : 32@TroisiemePartie.TroisiemePartie.Vranstica -- 160 : 31@TroisiemePartie.TroisiemePartie.Vranstica
 9> 3 : 2@Entree.Entree.Vranstica -- 125 : 72@SecondePartie.SecondePartie.Vranstica
10> 2 : Vranstica@Entree.Entree.Vranstica -- 161 : 32@TroisiemePartie.TroisiemePartie.Vranstica
11> 2 : Vranstica@Entree.Entree.Vranstica -- 158 : 29@TroisiemePartie.TroisiemePartie.Vranstica
#################### end of cavern log file ####################
done
calculating basic statistics ... done
processing extended elevation ... done
processing references ... done
selecting export objects ... done
processing projection plan ... done
average distortion: 0.11%


############### export maps & scraps selection #################
M   478.19 MP-Vranstica@Vranstica (Vranstica)
M   569.09 MP-Entree@Entree.Vranstica (Vranstica - Entrée)
S   590.39 SP-Entree-1@Entree.Vranstica ()
S   580.09 SP-Entree-2@Entree.Vranstica ()
S   563.89 SP-Entree-3@Entree.Vranstica ()
S   541.97 SP-Entree-4@Entree.Vranstica ()
M   429.68 MP-TroisiemePartie@TroisiemePartie.Vranstica (Vranstica - Troisieme Partie)
S   406.65 SP-Part3-1@TroisiemePartie.Vranstica ()
S   448.06 SP-Part3-3@TroisiemePartie.Vranstica ()
S   434.32 SP-Part3-2@TroisiemePartie.Vranstica ()
M   435.79 MP-SecondePartie@SecondePartie.Vranstica (Vranstica - Seconde Partie)
S   543.57 SP-Part2-1@SecondePartie.Vranstica ()
S   442.34 SP-Part2-2@SecondePartie.Vranstica ()
S   375.42 SP-Part2-4@SecondePartie.Vranstica ()
S   381.85 SP-Part2-3@SecondePartie.Vranstica ()
########## end of export maps & scraps selection ###############
writing Outputs/Vranstica-plan.pdf ...
####################### metapost log file ########################
This is MetaPost, version 2.11 (TeX Live 2025) (kpathsea version 6.4.1)  16 DEC 2025 15:58
**data.mp
(/usr/local/texlive/2025/texmf-dist/metapost/base/mpost.mp
(/usr/local/texlive/2025/texmf-dist/metapost/base/plain.mp
Preloading the plain mem file, version 1.005) ) (./data.mp
{randomseed:=42}
 [1] [2] [3] [4]
[5] [6] [7] [8] [9] [10] [11] [12] [13] [14]
[15] [1]
[Warning: scrap outline intersects itself in scrap SP-Entree-4@Entree.Vranstica
] [2] [3] [4] [5] [6] [7] [8] [9] [10] [11] [12] [13] [14] [15] [16] [17] [18]
[19] [20] [21] [22] [23] [24] [25] [26] [27] [28] [29] [30] [31] [32] [33]
[Warning: scrap outline intersects itself in scrap SP-Part2-4@SecondePartie.Vra
nstica] [34] [35] [36] [37] [38] [39] [40] [41] [42] [43] [44] (./mptextmp.mp)
[45] (./mptextmp.mp) (./mptextmp.mp) (./mptextmp.mp) (./mptextmp.mp)
(./mptextmp.mp) (./mptextmp.mp) [46] (./mptextmp.mp) (./mptextmp.mp)
(./mptextmp.mp) (./mptextmp.mp) (./mptextmp.mp) (./mptextmp.mp) [47] [48] [49]
[50] [51] [52] [53] [54] [55] [56] [57] [58] [59] [60] [61] [62] [63] [64]
[65] [66] [67] [68] [69] [70] [71] [72] [73] [74] [75] [76] [77] [78] [79]
[80] [81] [82] [83] [84] [85] [86] [87] [88] [89] [90] [91] [92] [93] [94] )
 
Here is how much of MetaPost's memory you used:
 19911 strings using 474831 characters
 4761368 bytes of node memory
 1764 symbolic tokens
 11i,82n,19p,734b,5f stack positions out of 16i,98n,20p,760b,6f
109 output files written: data-patt.1 .. data.94


#################### end of metapost log file ####################
converting scraps ... done
making map ... done
######################## pdftex log file #########################
This is pdfTeX, Version 3.141592653-2.6-1.40.27 (TeX Live 2025) (preloaded format=pdftex 2025.10.9)  16 DEC 2025 15:58
entering extended mode
 restricted \write18 enabled.
 %&-line parsing enabled.
**data.tex
(./data.tex (./th_enc.tex) (./th_texts.tex) (./th_resources.tex
(/usr/local/texlive/2025/texmf-dist/tex/generic/pdftex/glyphtounicode.tex))
(./th_fontdef.tex{/usr/local/texlive/2025/texmf-var/fonts/map/pdftex/updmap/pdf
tex.map}<<th_gour_aaaaaaa.dat>><<th_gour_aaaaaac.dat>><<th_gour_aaaaaae.dat>><<
th_gour_aaaaaag.dat>><<th_gour_aaaaaai.dat>><<th_gour_aaaaaba.dat>><<th_gour_aa
aaabc.dat>><<th_gour_aaaaabe.dat>><<th_gour_aaaaabg.dat>><<th_gour_aaaaabi.dat>
><<th_gour_aaaaaca.dat>>)
(./th_formdef.tex) (./th_pagedef.tex (./th_legendcolor.tex) (./th_legend.tex))
(./th_pages.tex)
 214 numeric registers used out of 32768
 [1] ) 
Here is how much of TeX's memory you used:
 484 strings out of 494562
 6026 string characters out of 6145051
 92580 words of memory out of 5000000
 2148 multiletter control sequences out of 15000+600000
 22343 words of font info for 69 fonts, out of 8000000 for 9000
 1416 hyphenation exceptions out of 8191
 12i,6n,8p,1862b,75s stack positions out of 10000i,1000n,20000p,200000b,200000s
</usr/local/texlive/2025/texmf-dist/fonts/type1/public/amsfonts/cm/cmbx10
.pfb></usr/local/texlive/2025/texmf-dist/fonts/type1/public/amsfonts/cm/cmss10.
pfb></usr/local/texlive/2025/texmf-dist/fonts/type1/public/amsfonts/cm/cmssi10.
pfb></usr/local/texlive/2025/texmf-dist/fonts/type1/public/amsfonts/cm/cmti10.p
fb></usr/local/texlive/2025/texmf-dist/fonts/type1/public/cs/csss10.pfb></usr/l
ocal/texlive/2025/texmf-dist/fonts/type1/public/cs/csssi10.pfb>
Output written on data.pdf (1 page, 315248 bytes).
PDF statistics:
 423 PDF objects out of 1000 (max. 8388607)
 219 compressed objects within 3 object streams
 0 named destinations out of 1000 (max. 500000)
 1185 words of extra memory for PDF output out of 10000 (max. 10000000)


##################### end of pdftex log file #####################
done
processing projection extended ... done
average distortion: 0.10%


############### export maps & scraps selection #################
M     0.00 MC-Vranstica@Vranstica (Vranstica)
M     0.00 MC-Entree@Entree.Vranstica (Vranstica - Entrée)
S     0.00 SC-Entree-1@Entree.Vranstica ()
S     0.00 SC-Entree-2@Entree.Vranstica ()
S     0.00 SC-Entree-3@Entree.Vranstica ()
S     0.00 SC-Entree-4@Entree.Vranstica ()
M     0.00 MC-SecondePartie@SecondePartie.Vranstica (Vranstica - Seconde Partie)
S     0.00 SC-Part2-1@SecondePartie.Vranstica ()
S     0.00 SC-Part2-2@SecondePartie.Vranstica ()
S     0.00 SC-Part2-3@SecondePartie.Vranstica ()
S     0.00 SC-Part2-4@SecondePartie.Vranstica ()
M     0.00 MC-TroisiemePartie@TroisiemePartie.Vranstica (Vranstica - Troisieme Partie)
S     0.00 SC-Part3-2@TroisiemePartie.Vranstica ()
S     0.00 SC-Part3-1@TroisiemePartie.Vranstica ()
########## end of export maps & scraps selection ###############
writing Outputs/Vranstica-coupe.pdf ...
####################### metapost log file ########################
This is MetaPost, version 2.11 (TeX Live 2025) (kpathsea version 6.4.1)  16 DEC 2025 15:58
**data.mp
(/usr/local/texlive/2025/texmf-dist/metapost/base/mpost.mp
(/usr/local/texlive/2025/texmf-dist/metapost/base/plain.mp
Preloading the plain mem file, version 1.005) ) (./data.mp
{randomseed:=42}
 [1] [2] [3] [4]
[5] [6] [7] [8] [9] [10] [11] [12] [13] [14]
[15] [1]
[Warning: scrap outline intersects itself in scrap SC-Entree-4@Entree.Vranstica
] [2] [3] [4] [5] [6] [7]
[Warning: scrap outline intersects itself in scrap SC-Entree-2@Entree.Vranstica
] [8] [9] [10]
[Warning: scrap outline intersects itself in scrap SC-Entree-1@Entree.Vranstica
] [11] [12] [13] [14] [15] [16] [17]
[Warning: scrap outline intersects itself in scrap SC-Part2-3@SecondePartie.Vra
nstica] [18] [19] [20] [21] [22] [23] [24] [25] [26] [27] [28] [29] [30] [31]
[32] [33] [34] [35] [36] (./mptextmp.mp) [37] (./mptextmp.mp) (./mptextmp.mp)
(./mptextmp.mp) (./mptextmp.mp) (./mptextmp.mp) (./mptextmp.mp) [38]
(./mptextmp.mp) (./mptextmp.mp) (./mptextmp.mp) (./mptextmp.mp) (./mptextmp.mp)
(./mptextmp.mp) [39] )
 
Here is how much of MetaPost's memory you used:
 17611 strings using 431597 characters
 4417328 bytes of node memory
 1763 symbolic tokens
 10i,82n,19p,731b,5f stack positions out of 16i,98n,20p,760b,6f
54 output files written: data-patt.1 .. data.39


#################### end of metapost log file ####################
converting scraps ... done
making map ... done
######################## pdftex log file #########################
This is pdfTeX, Version 3.141592653-2.6-1.40.27 (TeX Live 2025) (preloaded format=pdftex 2025.10.9)  16 DEC 2025 15:58
entering extended mode
 restricted \write18 enabled.
 %&-line parsing enabled.
**data.tex
(./data.tex (./th_enc.tex) (./th_texts.tex) (./th_resources.tex
(/usr/local/texlive/2025/texmf-dist/tex/generic/pdftex/glyphtounicode.tex))
(./th_fontdef.tex{/usr/local/texlive/2025/texmf-var/fonts/map/pdftex/updmap/pdf
tex.map}<<th_gour_aaaaaaa.dat>><<th_gour_aaaaaac.dat>><<th_gour_aaaaaae.dat>><<
th_gour_aaaaaag.dat>><<th_gour_aaaaaai.dat>><<th_gour_aaaaaba.dat>><<th_gour_aa
aaabc.dat>><<th_gour_aaaaabe.dat>><<th_gour_aaaaabg.dat>><<th_gour_aaaaabi.dat>
>)
(./th_formdef.tex) (./th_pagedef.tex (./th_legendcolor.tex)) (./th_pages.tex)
 152 numeric registers used out of 32768

[1] ) 
Here is how much of TeX's memory you used:
 417 strings out of 494562
 5470 string characters out of 6145051
 97463 words of memory out of 5000000
 2086 multiletter control sequences out of 15000+600000
 21229 words of font info for 66 fonts, out of 8000000 for 9000
 1416 hyphenation exceptions out of 8191
 10i,6n,8p,1862b,53s stack positions out of 10000i,1000n,20000p,200000b,200000s
</usr/local/texlive/2025/texmf-dist/fonts/type1/public/amsfonts/cm/cmbx10.
pfb></usr/local/texlive/2025/texmf-dist/fonts/type1/public/amsfonts/cm/cmss10.p
fb></usr/local/texlive/2025/texmf-dist/fonts/type1/public/amsfonts/cm/cmssi10.p
fb></usr/local/texlive/2025/texmf-dist/fonts/type1/public/cs/csss10.pfb></usr/l
ocal/texlive/2025/texmf-dist/fonts/type1/public/cs/csssi10.pfb>
Output written on data.pdf (1 page, 236371 bytes).
PDF statistics:
 288 PDF objects out of 1000 (max. 8388607)
 152 compressed objects within 2 object streams
 0 named destinations out of 1000 (max. 500000)
 795 words of extra memory for PDF output out of 10000 (max. 10000000)


##################### end of pdftex log file #####################
done


############### export maps & scraps selection #################
M   478.19 MP-Vranstica@Vranstica (Vranstica)
M   569.09 MP-Entree@Entree.Vranstica (Vranstica - Entrée)
S   590.39 SP-Entree-1@Entree.Vranstica ()
S   580.09 SP-Entree-2@Entree.Vranstica ()
S   563.89 SP-Entree-3@Entree.Vranstica ()
S   541.97 SP-Entree-4@Entree.Vranstica ()
M   429.68 MP-TroisiemePartie@TroisiemePartie.Vranstica (Vranstica - Troisieme Partie)
S   406.65 SP-Part3-1@TroisiemePartie.Vranstica ()
S   448.06 SP-Part3-3@TroisiemePartie.Vranstica ()
S   434.32 SP-Part3-2@TroisiemePartie.Vranstica ()
M   435.79 MP-SecondePartie@SecondePartie.Vranstica (Vranstica - Seconde Partie)
S   543.57 SP-Part2-1@SecondePartie.Vranstica ()
S   442.34 SP-Part2-2@SecondePartie.Vranstica ()
S   375.42 SP-Part2-4@SecondePartie.Vranstica ()
S   381.85 SP-Part2-3@SecondePartie.Vranstica ()
########## end of export maps & scraps selection ###############
writing Outputs/Vranstica-plan-Continuations.pdf ...
####################### metapost log file ########################
This is MetaPost, version 2.11 (TeX Live 2025) (kpathsea version 6.4.1)  16 DEC 2025 15:58
**data.mp
(/usr/local/texlive/2025/texmf-dist/metapost/base/mpost.mp
(/usr/local/texlive/2025/texmf-dist/metapost/base/plain.mp
Preloading the plain mem file, version 1.005) ) (./data.mp
{randomseed:=42}
 [1] [2] [3] [4]
[5] [6] [7] [8] [9] [10] [11] [12] [13] [14]
[15] [1]
[Warning: scrap outline intersects itself in scrap SP-Entree-4@Entree.Vranstica
] [2] [3] [4] [5] [6] [7] [8] [9] [10] [11] [12] [13] [14] [15] [16] [17] [18]
[19] [20] [21] [22] [23] [24] [25] [26] [27] [28] [29] [30] [31] [32] [33]
[Warning: scrap outline intersects itself in scrap SP-Part2-4@SecondePartie.Vra
nstica] [34] [35] [36] [37] [38] [39] [40] [41] [42] [43] [44] (./mptextmp.mp)
[45] (./mptextmp.mp) (./mptextmp.mp) (./mptextmp.mp) (./mptextmp.mp)
(./mptextmp.mp) (./mptextmp.mp) [46] (./mptextmp.mp) (./mptextmp.mp)
(./mptextmp.mp) (./mptextmp.mp) (./mptextmp.mp) (./mptextmp.mp) [47] [48] [49]
[50] [51] [52] [53] [54] [55] [56] [57] [58] [59] [60] [61] [62] [63] [64]
[65] [66] [67] [68] [69] [70] [71] [72] [73] [74] [75] [76] [77] [78] [79]
[80] [81] [82] [83] [84] [85] [86] [87] [88] [89] [90] [91] [92] [93] [94] )
 
Here is how much of MetaPost's memory you used:
 22225 strings using 537248 characters
 4776584 bytes of node memory
 1764 symbolic tokens
 11i,82n,20p,734b,5f stack positions out of 16i,98n,25p,760b,6f
109 output files written: data-patt.1 .. data.94


#################### end of metapost log file ####################
converting scraps ... done
making map ... done
######################## pdftex log file #########################
This is pdfTeX, Version 3.141592653-2.6-1.40.27 (TeX Live 2025) (preloaded format=pdftex 2025.10.9)  16 DEC 2025 15:58
entering extended mode
 restricted \write18 enabled.
 %&-line parsing enabled.
**data.tex
(./data.tex (./th_enc.tex) (./th_texts.tex) (./th_resources.tex
(/usr/local/texlive/2025/texmf-dist/tex/generic/pdftex/glyphtounicode.tex))
(./th_fontdef.tex{/usr/local/texlive/2025/texmf-var/fonts/map/pdftex/updmap/pdf
tex.map}<<th_gour_aaaaaaa.dat>><<th_gour_aaaaaac.dat>><<th_gour_aaaaaae.dat>><<
th_gour_aaaaaag.dat>><<th_gour_aaaaaai.dat>><<th_gour_aaaaaba.dat>><<th_gour_aa
aaabc.dat>><<th_gour_aaaaabe.dat>><<th_gour_aaaaabg.dat>><<th_gour_aaaaabi.dat>
><<th_gour_aaaaaca.dat>>)
(./th_formdef.tex) (./th_pagedef.tex (./th_legendcolor.tex) (./th_legend.tex))
(./th_pages.tex)
 214 numeric registers used out of 32768
 [1] ) 
Here is how much of TeX's memory you used:
 484 strings out of 494562
 6026 string characters out of 6145051
 92580 words of memory out of 5000000
 2148 multiletter control sequences out of 15000+600000
 22343 words of font info for 69 fonts, out of 8000000 for 9000
 1416 hyphenation exceptions out of 8191
 12i,6n,8p,1862b,75s stack positions out of 10000i,1000n,20000p,200000b,200000s
</usr/local/texlive/2025/texmf-dist/fonts/type1/public/amsfonts/cm/cmbx10
.pfb></usr/local/texlive/2025/texmf-dist/fonts/type1/public/amsfonts/cm/cmss10.
pfb></usr/local/texlive/2025/texmf-dist/fonts/type1/public/amsfonts/cm/cmssi10.
pfb></usr/local/texlive/2025/texmf-dist/fonts/type1/public/amsfonts/cm/cmti10.p
fb></usr/local/texlive/2025/texmf-dist/fonts/type1/public/cs/csss10.pfb></usr/l
ocal/texlive/2025/texmf-dist/fonts/type1/public/cs/csssi10.pfb>
Output written on data.pdf (1 page, 320184 bytes).
PDF statistics:
 423 PDF objects out of 1000 (max. 8388607)
 219 compressed objects within 3 object streams
 0 named destinations out of 1000 (max. 500000)
 1185 words of extra memory for PDF output out of 10000 (max. 10000000)


##################### end of pdftex log file #####################
done
writing Outputs/Vranstica.lox .............. done
####################### metapost log file ########################
This is MetaPost, version 2.11 (TeX Live 2025) (kpathsea version 6.4.1)  16 DEC 2025 15:58
**data.mp
(/usr/local/texlive/2025/texmf-dist/metapost/base/mpost.mp
(/usr/local/texlive/2025/texmf-dist/metapost/base/plain.mp
Preloading the plain mem file, version 1.005) ) (./data.mp [1] )
1 output file written: data.1


#################### end of metapost log file ####################
writing Outputs/Vranstica ... done
writing Outputs/Vranstica ... done
writing Outputs/Vranstica.kml ... done
writing Outputs/Vranstica-model.kml ... done
writing Outputs/SurveysVranstica.html ... done
compilation time: 6 sec


###################### scrap distortions #######################
 PROJECTION: plan
 AVERAGE  MAXIMAL  SCRAP
   0.47%   32.15%  SP-Entree-4@Entree.Vranstica
   0.08%   31.64%  SP-Part2-1@SecondePartie.Vranstica
   0.12%   26.86%  SP-Part2-3@SecondePartie.Vranstica
   0.65%   22.08%  SP-Part3-1@TroisiemePartie.Vranstica
   0.04%    0.51%  SP-Part3-3@TroisiemePartie.Vranstica
   0.02%    0.28%  SP-Part3-2@TroisiemePartie.Vranstica
   0.01%    0.25%  SP-Part2-2@SecondePartie.Vranstica
   0.00%    0.06%  SP-Part2-4@SecondePartie.Vranstica
   0.00%    0.03%  SP-Entree-1@Entree.Vranstica
   0.00%    0.02%  SP-Entree-3@Entree.Vranstica
   0.00%    0.02%  SP-Entree-2@Entree.Vranstica
################### end of scrap distortions ###################


###################### scrap distortions #######################
 PROJECTION: extended
 AVERAGE  MAXIMAL  SCRAP
   0.73%   62.97%  SC-Entree-4@Entree.Vranstica
   0.06%   40.71%  SC-Part2-1@SecondePartie.Vranstica
   0.26%   35.70%  SC-Part3-1@TroisiemePartie.Vranstica
   0.05%   28.97%  SC-Part2-3@SecondePartie.Vranstica
   0.00%    0.15%  SC-Part2-2@SecondePartie.Vranstica
   0.00%    0.15%  SC-Part3-2@TroisiemePartie.Vranstica
   0.00%    0.04%  SC-Entree-1@Entree.Vranstica
   0.00%    0.02%  SC-Part2-4@SecondePartie.Vranstica
   0.00%    0.01%  SC-Entree-2@Entree.Vranstica
   0.00%    0.00%  SC-Entree-3@Entree.Vranstica
################### end of scrap distortions ###################

############# CRS transformations chosen by PROJ ###############
  Area of Use (AoU): (19.329, 42.714) (19.329, 42.714)
  [LAT-LONG → LAT-LONG] AoU: [no] transformation: [axis order change (2D) + Null geographic offset from WGS 84 to WGS 84 + axis order change (2D)] definition: [proj=noop ellps=GRS80] accuracy: [0.000 m]
  [LAT-LONG → LAT-LONG] AoU: [yes] transformation: [axis order change (2D) + Null geographic offset from WGS 84 to WGS 84 + axis order change (2D)] definition: [proj=noop ellps=GRS80] accuracy: [0.000 m]
  [LAT-LONG → UTM34] AoU: [yes] transformation: [axis order change (2D) + UTM zone 34N] definition: [proj=pipeline step proj=unitconvert xy_in=deg xy_out=rad step proj=utm zone=34 ellps=WGS84] accuracy: [0.000 m]
  [LAT-LONG → EPSG:4326] AoU: [yes] transformation: [axis order change (2D) + Null geographic offset from WGS 84 to WGS 84 + axis order change (2D)] definition: [proj=noop ellps=GRS80] accuracy: [0.000 m]
  [UTM34 → LONG-LAT] AoU: [yes] transformation: [Inverse of UTM zone 34N + axis order change (2D)] definition: [proj=pipeline step inv proj=utm zone=34 ellps=WGS84 step proj=unitconvert xy_in=rad xy_out=deg] accuracy: [0.000 m]
  [UTM34 → EPSG:4326] AoU: [yes] transformation: [Inverse of UTM zone 34N + axis order change (2D)] definition: [proj=pipeline step inv proj=utm zone=34 ellps=WGS84 step proj=unitconvert xy_in=rad xy_out=deg] accuracy: [0.000 m]
  [EPSG:4326 → UTM34] AoU: [yes] transformation: [axis order change (2D) + UTM zone 34N] definition: [proj=pipeline step proj=unitconvert xy_in=deg xy_out=rad step proj=utm zone=34 ellps=WGS84] accuracy: [0.000 m]
########## end of CRS transformations chosen by PROJ ###########
